[18:05:32] [main/INFO]: Environment: authHost='https://authserver.mojang.com', accountsHost='https://api.mojang.com', sessionHost='https://sessionserver.mojang.com', servicesHost='https://api.minecraftservices.com', name='PROD'
[18:05:32] [main/WARN]: Ambiguity between arguments [teleport, destination] and [teleport, targets] with inputs: [Player, 0123, @e, dd12be42-52a9-4a91-a8a1-11c01849e498]
[18:05:32] [main/WARN]: Ambiguity between arguments [teleport, location] and [teleport, destination] with inputs: [0.1 -0.5 .9, 0 0 0]
[18:05:32] [main/WARN]: Ambiguity between arguments [teleport, location] and [teleport, targets] with inputs: [0.1 -0.5 .9, 0 0 0]
[18:05:32] [main/WARN]: Ambiguity between arguments [teleport, targets] and [teleport, destination] with inputs: [Player, 0123, dd12be42-52a9-4a91-a8a1-11c01849e498]
[18:05:32] [main/WARN]: Ambiguity between arguments [teleport, targets, location] and [teleport, targets, destination] with inputs: [0.1 -0.5 .9, 0 0 0]
[18:05:32] [main/INFO]: Reloading ResourceManager: Default
[18:05:32] [Worker-Main-12/INFO]: Loaded 7 recipes
[18:05:33] [Worker-Main-12/INFO]: Loaded 927 advancements
[18:05:34] [Server thread/INFO]: Starting minecraft server version 1.16.4
[18:05:34] [Server thread/INFO]: Loading properties
[18:05:34] [Server thread/INFO]: Default game type: SURVIVAL
[18:05:34] [Server thread/INFO]: Generating keypair
[18:05:34] [Server console handler/ERROR]: Exception handling console input
java.io.IOException: Неверный дескриптор
	at java.io.FileInputStream.readBytes(Native Method) ~[?:?]
	at java.io.FileInputStream.read(FileInputStream.java:271) ~[?:?]
	at java.io.BufferedInputStream.read1(BufferedInputStream.java:282) ~[?:?]
	at java.io.BufferedInputStream.read(BufferedInputStream.java:343) ~[?:?]
	at sun.nio.cs.StreamDecoder.readBytes(StreamDecoder.java:297) ~[?:?]
	at sun.nio.cs.StreamDecoder.implRead(StreamDecoder.java:339) ~[?:?]
	at sun.nio.cs.StreamDecoder.read(StreamDecoder.java:188) ~[?:?]
	at java.io.InputStreamReader.read(InputStreamReader.java:181) ~[?:?]
	at java.io.BufferedReader.fill(BufferedReader.java:161) ~[?:?]
	at java.io.BufferedReader.readLine(BufferedReader.java:326) ~[?:?]
	at java.io.BufferedReader.readLine(BufferedReader.java:392) ~[?:?]
	at zg$1.run(SourceFile:95) [minecraft_server.1.16.4.jar:?]
[18:05:34] [Server thread/INFO]: Starting Minecraft server on *:25565
[18:05:34] [Server thread/INFO]: Using default channel type
[18:05:34] [Server thread/INFO]: Preparing level "world"
[18:05:37] [Server thread/INFO]: Preparing start region for dimension minecraft:overworld
[18:05:37] [Worker-Main-9/INFO]: Preparing spawn area: 0%
[18:05:38] [Worker-Main-10/INFO]: Preparing spawn area: 0%
[18:05:38] [Worker-Main-10/INFO]: Preparing spawn area: 0%
[18:05:39] [Worker-Main-8/INFO]: Preparing spawn area: 2%
[18:05:39] [Worker-Main-9/INFO]: Preparing spawn area: 4%
[18:05:40] [Worker-Main-12/INFO]: Preparing spawn area: 4%
[18:05:40] [Worker-Main-8/INFO]: Preparing spawn area: 7%
[18:05:41] [Worker-Main-12/INFO]: Preparing spawn area: 10%
[18:05:41] [Worker-Main-8/INFO]: Preparing spawn area: 10%
[18:05:42] [Worker-Main-8/INFO]: Preparing spawn area: 10%
[18:05:42] [Worker-Main-13/INFO]: Preparing spawn area: 13%
[18:05:43] [Worker-Main-11/INFO]: Preparing spawn area: 13%
[18:05:43] [Worker-Main-10/INFO]: Preparing spawn area: 13%
[18:05:44] [Worker-Main-10/INFO]: Preparing spawn area: 17%
[18:05:44] [Worker-Main-9/INFO]: Preparing spawn area: 17%
[18:05:45] [Worker-Main-14/INFO]: Preparing spawn area: 23%
[18:05:45] [Worker-Main-14/INFO]: Preparing spawn area: 26%
[18:05:46] [Worker-Main-12/INFO]: Preparing spawn area: 26%
[18:05:47] [Worker-Main-13/INFO]: Preparing spawn area: 26%
[18:05:47] [Worker-Main-9/INFO]: Preparing spawn area: 26%
[18:05:47] [Worker-Main-9/INFO]: Preparing spawn area: 26%
[18:05:48] [Worker-Main-11/INFO]: Preparing spawn area: 36%
[18:05:49] [Worker-Main-11/INFO]: Preparing spawn area: 38%
[18:05:49] [Worker-Main-13/INFO]: Preparing spawn area: 43%
[18:05:50] [Worker-Main-14/INFO]: Preparing spawn area: 44%
[18:05:50] [Worker-Main-10/INFO]: Preparing spawn area: 52%
[18:05:50] [Worker-Main-13/INFO]: Preparing spawn area: 57%
[18:05:51] [Worker-Main-11/INFO]: Preparing spawn area: 62%
[18:05:51] [Worker-Main-14/INFO]: Preparing spawn area: 68%
[18:05:52] [Worker-Main-13/INFO]: Preparing spawn area: 71%
[18:05:52] [Worker-Main-10/INFO]: Preparing spawn area: 79%
[18:05:53] [Worker-Main-11/INFO]: Preparing spawn area: 86%
[18:05:53] [Worker-Main-13/INFO]: Preparing spawn area: 93%
[18:05:54] [Server thread/INFO]: Time elapsed: 16441 ms
[18:05:54] [Server thread/INFO]: Done (19.918s)! For help, type "help"
[18:06:03] [Server thread/INFO]: Stopping server
[18:06:03] [Server thread/INFO]: Saving players
[18:06:03] [Server thread/INFO]: Saving worlds
[18:06:03] [Server thread/INFO]: Saving chunks for level 'ServerLevel[world]'/minecraft:overworld
[18:06:04] [Server thread/INFO]: ThreadedAnvilChunkStorage (world): All chunks are saved
[18:06:04] [Server thread/INFO]: Saving chunks for level 'ServerLevel[world]'/minecraft:the_nether
[18:06:04] [Server thread/INFO]: ThreadedAnvilChunkStorage (DIM-1): All chunks are saved
[18:06:04] [Server thread/INFO]: Saving chunks for level 'ServerLevel[world]'/minecraft:the_end
[18:06:04] [Server thread/INFO]: ThreadedAnvilChunkStorage (DIM1): All chunks are saved
[18:06:04] [Server thread/INFO]: ThreadedAnvilChunkStorage (world): All chunks are saved
[18:06:04] [Server thread/INFO]: ThreadedAnvilChunkStorage (DIM-1): All chunks are saved
[18:06:04] [Server thread/INFO]: ThreadedAnvilChunkStorage (DIM1): All chunks are saved
